<?xml version="1.0" encoding="UTF-8"?>
<!-- Generated by org.testng.reporters.JUnitReportReporter -->
<testsuite hostname="ENS-Haneef-ullah" failures="0" tests="1" name="RunFirstScript.firstscript" time="5.269" errors="0" timestamp="2024-02-06T09:47:24 PKT" skipped="0">
  <testcase classname="RunFirstScript.firstscript" name="script" time="5.269"/>
  <system-out/>
</testsuite> <!-- RunFirstScript.firstscript -->
