<?xml version="1.0" encoding="UTF-8"?>
<!-- Generated by org.testng.reporters.JUnitReportReporter -->
<testsuite hostname="ENS-Haneef-ullah" failures="0" tests="1" name="RunFirstScript.scrollintoview" time="4.430" errors="0" timestamp="2024-02-04T18:08:18 PKT" skipped="0">
  <testcase classname="RunFirstScript.scrollintoview" name="scroll" time="4.430"/>
  <system-out/>
</testsuite> <!-- RunFirstScript.scrollintoview -->
