<?xml version="1.0" encoding="UTF-8"?>
<!-- Generated by org.testng.reporters.JUnitReportReporter -->
<testsuite hostname="ENS-Haneef-ullah" failures="0" tests="2" name="RunthroughTesNGXML.Ec_commerce_TC__2_toast_and_beforeclassExplanation" time="9.961" errors="0" timestamp="2024-02-14T22:32:01 PKT" skipped="0">
  <testcase classname="RunthroughTesNGXML.Ec_commerce_TC__2_toast_and_beforeclassExplanation" name="toast" time="4.564"/>
  <system-out/>
  <testcase classname="RunthroughTesNGXML.Ec_commerce_TC__2_toast_and_beforeclassExplanation" name="seconedTest" time="5.397"/>
  <system-out/>
</testsuite> <!-- RunthroughTesNGXML.Ec_commerce_TC__2_toast_and_beforeclassExplanation -->
