<?xml version="1.0" encoding="UTF-8"?>
<!-- Generated by org.testng.reporters.JUnitReportReporter -->
<testsuite hostname="ENS-Haneef-ullah" failures="0" tests="1" name="RunthroughTesNGXML.TC_3_sum_price" time="44.223" errors="0" timestamp="2024-02-26T09:12:21 PKT" skipped="0">
  <testcase classname="RunthroughTesNGXML.TC_3_sum_price" name="tc1" time="44.223"/>
  <system-out/>
</testsuite> <!-- RunthroughTesNGXML.TC_3_sum_price -->
