<?xml version="1.0" encoding="UTF-8"?>
<!-- Generated by org.testng.reporters.JUnitReportReporter -->
<testsuite hostname="ENS-Haneef-ullah" failures="0" tests="1" name="RunFirstScript.Ec_commerce_TC__2_toast" time="4.289" errors="0" timestamp="2024-02-07T09:41:03 PKT" skipped="0">
  <testcase classname="RunFirstScript.Ec_commerce_TC__2_toast" name="toast" time="4.289"/>
  <system-out/>
</testsuite> <!-- RunFirstScript.Ec_commerce_TC__2_toast -->
