<?xml version="1.0" encoding="UTF-8"?>
<!-- Generated by org.testng.reporters.JUnitReportReporter -->
<testsuite hostname="ENS-Haneef-ullah" failures="0" tests="1" name="RunFirstScript.Drag_and_drop" time="13.048" errors="0" timestamp="2024-02-05T14:43:55 PKT" skipped="0">
  <testcase classname="RunFirstScript.Drag_and_drop" name="drag" time="13.048"/>
  <system-out/>
</testsuite> <!-- RunFirstScript.Drag_and_drop -->
