<?xml version="1.0" encoding="UTF-8"?>
<!-- Generated by org.testng.reporters.JUnitReportReporter -->
<testsuite hostname="ENS-Haneef-ullah" failures="0" tests="1" name="RunFirstScript.Miscellenous_Activities" time="2.888" errors="0" timestamp="2024-02-05T15:04:48 PKT" skipped="0">
  <testcase classname="RunFirstScript.Miscellenous_Activities" name="Miscellenous_Activities" time="2.888"/>
  <system-out/>
</testsuite> <!-- RunFirstScript.Miscellenous_Activities -->
