<?xml version="1.0" encoding="UTF-8"?>
<!-- Generated by org.testng.reporters.JUnitReportReporter -->
<testsuite hostname="ENS-Haneef-ullah" failures="0" tests="1" name="RunFirstScript.takedatafromJSON" time="21.194" errors="0" timestamp="2024-02-13T09:44:07 PKT" skipped="0">
  <testcase classname="RunFirstScript.takedatafromJSON" name="tc1" time="21.194"/>
  <system-out/>
</testsuite> <!-- RunFirstScript.takedatafromJSON -->
