<?xml version="1.0" encoding="UTF-8"?>
<!-- Generated by org.testng.reporters.JUnitReportReporter -->
<testsuite hostname="ENS-Haneef-ullah" failures="0" tests="1" name="RunFirstScript.TC_3_sum_price" time="47.901" errors="0" timestamp="2024-02-08T09:17:13 PKT" skipped="0">
  <testcase classname="RunFirstScript.TC_3_sum_price" name="tc1" time="47.901"/>
  <system-out/>
</testsuite> <!-- RunFirstScript.TC_3_sum_price -->
