<?xml version="1.0" encoding="UTF-8"?>
<!-- Generated by org.testng.reporters.JUnitReportReporter -->
<testsuite hostname="ENS-Haneef-ullah" failures="0" tests="1" name="API_demo.NFCScenerios" time="5.732" errors="0" timestamp="2024-05-27T13:42:50 PKT" skipped="0">
  <testcase classname="API_demo.NFCScenerios" name="foregrounddispatch" time="5.732"/>
  <system-out/>
</testsuite> <!-- API_demo.NFCScenerios -->
