<?xml version="1.0" encoding="UTF-8"?>
<!-- Generated by org.testng.reporters.JUnitReportReporter -->
<testsuite hostname="ENS-Haneef-ullah" failures="0" tests="1" name="API_demo.Textview_scenerios" time="10.337" errors="0" timestamp="2024-08-18T13:09:47 PKT" skipped="0">
  <testcase classname="API_demo.Textview_scenerios" name="textview" time="10.337"/>
  <system-out/>
</testsuite> <!-- API_demo.Textview_scenerios -->
