<?xml version="1.0" encoding="UTF-8"?>
<!-- Generated by org.testng.reporters.JUnitReportReporter -->
<testsuite hostname="ENS-Haneef-ullah" failures="0" tests="1" name="RunFirstScript.ec_commerce_tc_1" time="21.215" errors="0" timestamp="2024-02-11T11:34:37 PKT" skipped="0">
  <testcase classname="RunFirstScript.ec_commerce_tc_1" name="tc1" time="21.215"/>
  <system-out/>
</testsuite> <!-- RunFirstScript.ec_commerce_tc_1 -->
