<?xml version="1.0" encoding="UTF-8"?>
<!-- Generated by org.testng.reporters.JUnitReportReporter -->
<testsuite hostname="ENS-Haneef-ullah" failures="0" tests="2" name="RunFirstScript.Ec_commerce_TC__2_toast_and_beforeclassExplanation" time="9.303" errors="0" timestamp="2024-02-12T09:47:19 PKT" skipped="0">
  <testcase classname="RunFirstScript.Ec_commerce_TC__2_toast_and_beforeclassExplanation" name="toast" time="4.151"/>
  <system-out/>
  <testcase classname="RunFirstScript.Ec_commerce_TC__2_toast_and_beforeclassExplanation" name="seconedTest" time="5.152"/>
  <system-out/>
</testsuite> <!-- RunFirstScript.Ec_commerce_TC__2_toast_and_beforeclassExplanation -->
