<?xml version="1.0" encoding="UTF-8"?>
<!-- Generated by org.testng.reporters.JUnitReportReporter -->
<testsuite hostname="ENS-Haneef-ullah" failures="0" tests="1" name="RunFirstScript.swipe_in_appium" time="4.305" errors="0" timestamp="2024-02-04T18:24:48 PKT" skipped="0">
  <testcase classname="RunFirstScript.swipe_in_appium" name="swife" time="4.305"/>
  <system-out/>
</testsuite> <!-- RunFirstScript.swipe_in_appium -->
