<?xml version="1.0" encoding="UTF-8"?>
<!-- Generated by org.testng.reporters.JUnitReportReporter -->
<testsuite hostname="ENS-Haneef-ullah" failures="0" tests="1" name="RunthroughTesNGXML.ec_commerce_tc_1" time="20.915" errors="0" timestamp="2024-02-26T09:12:21 PKT" skipped="0">
  <testcase classname="RunthroughTesNGXML.ec_commerce_tc_1" name="tc1" time="20.915"/>
  <system-out/>
</testsuite> <!-- RunthroughTesNGXML.ec_commerce_tc_1 -->
